mode: count
internProject/internal/generators/time_generator.go:7.40,9.2 1 0
internProject/internal/generators/time_generator.go:11.41,13.2 1 0
internProject/internal/generators/uuid_generator.go:7.40,9.2 1 0
internProject/internal/generators/uuid_generator.go:11.43,13.2 1 0
internProject/main.go:16.13,18.16 2 0
internProject/main.go:18.16,19.13 1 0
internProject/main.go:23.13,44.2 17 0
internProject/internal/converters/list_converter.go:11.40,13.2 1 0
internProject/internal/converters/list_converter.go:15.84,23.2 1 0
internProject/internal/converters/list_converter.go:25.84,33.2 1 0
internProject/internal/converters/string_uuid_converter.go:10.52,12.2 1 0
internProject/internal/converters/string_uuid_converter.go:14.75,16.2 1 0
internProject/internal/converters/string_uuid_converter.go:18.74,20.2 1 0
internProject/internal/converters/todo_converters.go:19.51,21.2 1 0
internProject/internal/converters/todo_converters.go:23.95,25.27 2 0
internProject/internal/converters/todo_converters.go:25.27,29.82 3 0
internProject/internal/converters/todo_converters.go:29.82,30.37 1 0
internProject/internal/converters/todo_converters.go:30.37,32.5 1 0
internProject/internal/converters/todo_converters.go:33.4,33.19 1 0
internProject/internal/converters/todo_converters.go:36.3,36.21 1 0
internProject/internal/converters/todo_converters.go:38.2,51.8 2 0
internProject/internal/converters/todo_converters.go:54.95,56.28 2 0
internProject/internal/converters/todo_converters.go:56.28,59.80 2 0
internProject/internal/converters/todo_converters.go:59.80,60.37 1 0
internProject/internal/converters/todo_converters.go:60.37,62.5 1 0
internProject/internal/converters/todo_converters.go:63.4,63.19 1 0
internProject/internal/converters/todo_converters.go:66.2,79.8 2 0
internProject/internal/converters/user_converter.go:12.40,14.2 1 0
internProject/internal/converters/user_converter.go:16.84,22.2 1 0
internProject/internal/converters/user_converter.go:24.82,30.2 1 0
internProject/internal/lists/mocks/IUserConverter.go:22.61,24.2 1 0
internProject/internal/lists/mocks/IUserConverter.go:27.96,30.19 2 0
internProject/internal/lists/mocks/IUserConverter.go:30.19,31.72 1 0
internProject/internal/lists/mocks/IUserConverter.go:34.2,35.70 2 0
internProject/internal/lists/mocks/IUserConverter.go:35.70,37.3 1 0
internProject/internal/lists/mocks/IUserConverter.go:37.8,39.3 1 0
internProject/internal/lists/mocks/IUserConverter.go:41.2,41.11 1 0
internProject/internal/lists/mocks/IUserConverter.go:51.137,53.2 1 0
internProject/internal/lists/mocks/IUserConverter.go:55.155,56.40 1 0
internProject/internal/lists/mocks/IUserConverter.go:56.40,58.3 1 0
internProject/internal/lists/mocks/IUserConverter.go:59.2,59.11 1 0
internProject/internal/lists/mocks/IUserConverter.go:62.139,65.2 2 0
internProject/internal/lists/mocks/IUserConverter.go:67.171,70.2 2 0
internProject/internal/lists/mocks/IUserConverter.go:77.20,81.19 3 0
internProject/internal/lists/mocks/IUserConverter.go:81.19,81.49 1 0
internProject/internal/lists/mocks/IUserConverter.go:83.2,83.13 1 0
internProject/internal/lists/mocks/Iservice.go:20.49,22.2 1 0
internProject/internal/lists/mocks/Iservice.go:25.76,28.19 2 0
internProject/internal/lists/mocks/Iservice.go:28.19,29.57 1 0
internProject/internal/lists/mocks/Iservice.go:32.2,33.64 2 0
internProject/internal/lists/mocks/Iservice.go:33.64,35.3 1 0
internProject/internal/lists/mocks/Iservice.go:35.8,37.3 1 0
internProject/internal/lists/mocks/Iservice.go:39.2,39.11 1 0
internProject/internal/lists/mocks/Iservice.go:50.115,52.2 1 0
internProject/internal/lists/mocks/Iservice.go:54.120,55.40 1 0
internProject/internal/lists/mocks/Iservice.go:55.40,57.3 1 0
internProject/internal/lists/mocks/Iservice.go:58.2,58.11 1 0
internProject/internal/lists/mocks/Iservice.go:61.91,64.2 2 0
internProject/internal/lists/mocks/Iservice.go:66.123,69.2 2 0
internProject/internal/lists/mocks/Iservice.go:72.70,75.19 2 0
internProject/internal/lists/mocks/Iservice.go:75.19,76.56 1 0
internProject/internal/lists/mocks/Iservice.go:79.2,80.59 2 0
internProject/internal/lists/mocks/Iservice.go:80.59,82.3 1 0
internProject/internal/lists/mocks/Iservice.go:82.8,84.3 1 0
internProject/internal/lists/mocks/Iservice.go:86.2,86.11 1 0
internProject/internal/lists/mocks/Iservice.go:97.113,99.2 1 0
internProject/internal/lists/mocks/Iservice.go:101.113,102.40 1 0
internProject/internal/lists/mocks/Iservice.go:102.40,104.3 1 0
internProject/internal/lists/mocks/Iservice.go:105.2,105.11 1 0
internProject/internal/lists/mocks/Iservice.go:108.89,111.2 2 0
internProject/internal/lists/mocks/Iservice.go:113.116,116.2 2 0
internProject/internal/lists/mocks/Iservice.go:119.92,122.19 2 0
internProject/internal/lists/mocks/Iservice.go:122.19,123.58 1 0
internProject/internal/lists/mocks/Iservice.go:126.2,128.80 3 0
internProject/internal/lists/mocks/Iservice.go:128.80,130.3 1 0
internProject/internal/lists/mocks/Iservice.go:131.2,131.71 1 0
internProject/internal/lists/mocks/Iservice.go:131.71,133.3 1 0
internProject/internal/lists/mocks/Iservice.go:133.8,134.24 1 0
internProject/internal/lists/mocks/Iservice.go:134.24,136.4 1 0
internProject/internal/lists/mocks/Iservice.go:139.2,139.64 1 0
internProject/internal/lists/mocks/Iservice.go:139.64,141.3 1 0
internProject/internal/lists/mocks/Iservice.go:141.8,143.3 1 0
internProject/internal/lists/mocks/Iservice.go:145.2,145.15 1 0
internProject/internal/lists/mocks/Iservice.go:156.116,158.2 1 0
internProject/internal/lists/mocks/Iservice.go:160.121,161.40 1 0
internProject/internal/lists/mocks/Iservice.go:161.40,163.3 1 0
internProject/internal/lists/mocks/Iservice.go:164.2,164.11 1 0
internProject/internal/lists/mocks/Iservice.go:167.111,170.2 2 0
internProject/internal/lists/mocks/Iservice.go:172.141,175.2 2 0
internProject/internal/lists/mocks/Iservice.go:178.59,181.19 2 0
internProject/internal/lists/mocks/Iservice.go:181.19,182.58 1 0
internProject/internal/lists/mocks/Iservice.go:185.2,186.51 2 0
internProject/internal/lists/mocks/Iservice.go:186.51,188.3 1 0
internProject/internal/lists/mocks/Iservice.go:188.8,190.3 1 0
internProject/internal/lists/mocks/Iservice.go:192.2,192.11 1 0
internProject/internal/lists/mocks/Iservice.go:202.99,204.2 1 0
internProject/internal/lists/mocks/Iservice.go:206.104,207.40 1 0
internProject/internal/lists/mocks/Iservice.go:207.40,209.3 1 0
internProject/internal/lists/mocks/Iservice.go:210.2,210.11 1 0
internProject/internal/lists/mocks/Iservice.go:213.93,216.2 2 0
internProject/internal/lists/mocks/Iservice.go:218.112,221.2 2 0
internProject/internal/lists/mocks/Iservice.go:224.72,227.19 2 0
internProject/internal/lists/mocks/Iservice.go:227.19,228.55 1 0
internProject/internal/lists/mocks/Iservice.go:231.2,233.67 3 0
internProject/internal/lists/mocks/Iservice.go:233.67,235.3 1 0
internProject/internal/lists/mocks/Iservice.go:236.2,236.58 1 0
internProject/internal/lists/mocks/Iservice.go:236.58,238.3 1 0
internProject/internal/lists/mocks/Iservice.go:238.8,239.24 1 0
internProject/internal/lists/mocks/Iservice.go:239.24,241.4 1 0
internProject/internal/lists/mocks/Iservice.go:244.2,244.51 1 0
internProject/internal/lists/mocks/Iservice.go:244.51,246.3 1 0
internProject/internal/lists/mocks/Iservice.go:246.8,248.3 1 0
internProject/internal/lists/mocks/Iservice.go:250.2,250.15 1 0
internProject/internal/lists/mocks/Iservice.go:260.93,262.2 1 0
internProject/internal/lists/mocks/Iservice.go:264.98,265.40 1 0
internProject/internal/lists/mocks/Iservice.go:265.40,267.3 1 0
internProject/internal/lists/mocks/Iservice.go:268.2,268.11 1 0
internProject/internal/lists/mocks/Iservice.go:271.105,274.2 2 0
internProject/internal/lists/mocks/Iservice.go:276.122,279.2 2 0
internProject/internal/lists/mocks/Iservice.go:282.63,285.19 2 0
internProject/internal/lists/mocks/Iservice.go:285.19,286.57 1 0
internProject/internal/lists/mocks/Iservice.go:289.2,290.63 2 0
internProject/internal/lists/mocks/Iservice.go:290.63,292.3 1 0
internProject/internal/lists/mocks/Iservice.go:292.8,293.24 1 0
internProject/internal/lists/mocks/Iservice.go:293.24,295.4 1 0
internProject/internal/lists/mocks/Iservice.go:298.2,298.11 1 0
internProject/internal/lists/mocks/Iservice.go:307.79,309.2 1 0
internProject/internal/lists/mocks/Iservice.go:311.89,312.40 1 0
internProject/internal/lists/mocks/Iservice.go:312.40,314.3 1 0
internProject/internal/lists/mocks/Iservice.go:315.2,315.11 1 0
internProject/internal/lists/mocks/Iservice.go:318.109,321.2 2 0
internProject/internal/lists/mocks/Iservice.go:323.122,326.2 2 0
internProject/internal/lists/mocks/Iservice.go:333.14,337.19 3 0
internProject/internal/lists/mocks/Iservice.go:337.19,337.49 1 0
internProject/internal/lists/mocks/Iservice.go:339.2,339.13 1 0
internProject/internal/lists/mocks/list_repo.go:20.49,22.2 1 0
internProject/internal/lists/mocks/list_repo.go:25.73,28.19 2 0
internProject/internal/lists/mocks/list_repo.go:28.19,29.52 1 0
internProject/internal/lists/mocks/list_repo.go:32.2,34.73 3 0
internProject/internal/lists/mocks/list_repo.go:34.73,36.3 1 0
internProject/internal/lists/mocks/list_repo.go:37.2,37.64 1 0
internProject/internal/lists/mocks/list_repo.go:37.64,39.3 1 0
internProject/internal/lists/mocks/list_repo.go:39.8,40.24 1 0
internProject/internal/lists/mocks/list_repo.go:40.24,42.4 1 0
internProject/internal/lists/mocks/list_repo.go:45.2,45.57 1 0
internProject/internal/lists/mocks/list_repo.go:45.57,47.3 1 0
internProject/internal/lists/mocks/list_repo.go:47.8,49.3 1 0
internProject/internal/lists/mocks/list_repo.go:51.2,51.15 1 0
internProject/internal/lists/mocks/list_repo.go:61.85,63.2 1 0
internProject/internal/lists/mocks/list_repo.go:65.96,66.40 1 0
internProject/internal/lists/mocks/list_repo.go:66.40,68.3 1 0
internProject/internal/lists/mocks/list_repo.go:69.2,69.11 1 0
internProject/internal/lists/mocks/list_repo.go:72.99,75.2 2 0
internProject/internal/lists/mocks/list_repo.go:77.122,80.2 2 0
internProject/internal/lists/mocks/list_repo.go:83.53,86.19 2 0
internProject/internal/lists/mocks/list_repo.go:86.19,87.52 1 0
internProject/internal/lists/mocks/list_repo.go:90.2,91.51 2 0
internProject/internal/lists/mocks/list_repo.go:91.51,93.3 1 0
internProject/internal/lists/mocks/list_repo.go:93.8,95.3 1 0
internProject/internal/lists/mocks/list_repo.go:97.2,97.11 1 0
internProject/internal/lists/mocks/list_repo.go:107.87,109.2 1 0
internProject/internal/lists/mocks/list_repo.go:111.92,112.40 1 0
internProject/internal/lists/mocks/list_repo.go:112.40,114.3 1 0
internProject/internal/lists/mocks/list_repo.go:115.2,115.11 1 0
internProject/internal/lists/mocks/list_repo.go:118.81,121.2 2 0
internProject/internal/lists/mocks/list_repo.go:123.100,126.2 2 0
internProject/internal/lists/mocks/list_repo.go:129.66,132.19 2 0
internProject/internal/lists/mocks/list_repo.go:132.19,133.49 1 0
internProject/internal/lists/mocks/list_repo.go:136.2,138.67 3 0
internProject/internal/lists/mocks/list_repo.go:138.67,140.3 1 0
internProject/internal/lists/mocks/list_repo.go:141.2,141.58 1 0
internProject/internal/lists/mocks/list_repo.go:141.58,143.3 1 0
internProject/internal/lists/mocks/list_repo.go:143.8,144.24 1 0
internProject/internal/lists/mocks/list_repo.go:144.24,146.4 1 0
internProject/internal/lists/mocks/list_repo.go:149.2,149.51 1 0
internProject/internal/lists/mocks/list_repo.go:149.51,151.3 1 0
internProject/internal/lists/mocks/list_repo.go:151.8,153.3 1 0
internProject/internal/lists/mocks/list_repo.go:155.2,155.15 1 0
internProject/internal/lists/mocks/list_repo.go:165.81,167.2 1 0
internProject/internal/lists/mocks/list_repo.go:169.86,170.40 1 0
internProject/internal/lists/mocks/list_repo.go:170.40,172.3 1 0
internProject/internal/lists/mocks/list_repo.go:173.2,173.11 1 0
internProject/internal/lists/mocks/list_repo.go:176.93,179.2 2 0
internProject/internal/lists/mocks/list_repo.go:181.110,184.2 2 0
internProject/internal/lists/mocks/list_repo.go:187.56,190.19 2 0
internProject/internal/lists/mocks/list_repo.go:190.19,191.50 1 0
internProject/internal/lists/mocks/list_repo.go:194.2,195.63 2 0
internProject/internal/lists/mocks/list_repo.go:195.63,197.3 1 0
internProject/internal/lists/mocks/list_repo.go:197.8,198.24 1 0
internProject/internal/lists/mocks/list_repo.go:198.24,200.4 1 0
internProject/internal/lists/mocks/list_repo.go:203.2,203.11 1 0
internProject/internal/lists/mocks/list_repo.go:212.65,214.2 1 0
internProject/internal/lists/mocks/list_repo.go:216.75,217.40 1 0
internProject/internal/lists/mocks/list_repo.go:217.40,219.3 1 0
internProject/internal/lists/mocks/list_repo.go:220.2,220.11 1 0
internProject/internal/lists/mocks/list_repo.go:223.95,226.2 2 0
internProject/internal/lists/mocks/list_repo.go:228.108,231.2 2 0
internProject/internal/lists/mocks/list_repo.go:234.70,237.19 2 0
internProject/internal/lists/mocks/list_repo.go:237.19,238.56 1 0
internProject/internal/lists/mocks/list_repo.go:241.2,242.59 2 0
internProject/internal/lists/mocks/list_repo.go:242.59,244.3 1 0
internProject/internal/lists/mocks/list_repo.go:244.8,246.3 1 0
internProject/internal/lists/mocks/list_repo.go:248.2,248.11 1 0
internProject/internal/lists/mocks/list_repo.go:259.113,261.2 1 0
internProject/internal/lists/mocks/list_repo.go:263.113,264.40 1 0
internProject/internal/lists/mocks/list_repo.go:264.40,266.3 1 0
internProject/internal/lists/mocks/list_repo.go:267.2,267.11 1 0
internProject/internal/lists/mocks/list_repo.go:270.89,273.2 2 0
internProject/internal/lists/mocks/list_repo.go:275.116,278.2 2 0
internProject/internal/lists/mocks/list_repo.go:281.81,284.19 2 0
internProject/internal/lists/mocks/list_repo.go:284.19,285.62 1 0
internProject/internal/lists/mocks/list_repo.go:288.2,289.64 2 0
internProject/internal/lists/mocks/list_repo.go:289.64,291.3 1 0
internProject/internal/lists/mocks/list_repo.go:291.8,293.3 1 0
internProject/internal/lists/mocks/list_repo.go:295.2,295.11 1 0
internProject/internal/lists/mocks/list_repo.go:306.125,308.2 1 0
internProject/internal/lists/mocks/list_repo.go:310.130,311.40 1 0
internProject/internal/lists/mocks/list_repo.go:311.40,313.3 1 0
internProject/internal/lists/mocks/list_repo.go:314.2,314.11 1 0
internProject/internal/lists/mocks/list_repo.go:317.101,320.2 2 0
internProject/internal/lists/mocks/list_repo.go:322.133,325.2 2 0
internProject/internal/lists/mocks/list_repo.go:332.14,336.19 3 0
internProject/internal/lists/mocks/list_repo.go:336.19,336.49 1 0
internProject/internal/lists/mocks/list_repo.go:338.2,338.13 1 0
internProject/internal/lists/mocks/todo_repo.go:20.49,22.2 1 0
internProject/internal/lists/mocks/todo_repo.go:25.88,28.19 2 0
internProject/internal/lists/mocks/todo_repo.go:28.19,29.52 1 0
internProject/internal/lists/mocks/todo_repo.go:32.2,34.81 3 0
internProject/internal/lists/mocks/todo_repo.go:34.81,36.3 1 0
internProject/internal/lists/mocks/todo_repo.go:37.2,37.72 1 0
internProject/internal/lists/mocks/todo_repo.go:37.72,39.3 1 0
internProject/internal/lists/mocks/todo_repo.go:39.8,40.24 1 0
internProject/internal/lists/mocks/todo_repo.go:40.24,42.4 1 0
internProject/internal/lists/mocks/todo_repo.go:45.2,45.65 1 0
internProject/internal/lists/mocks/todo_repo.go:45.65,47.3 1 0
internProject/internal/lists/mocks/todo_repo.go:47.8,49.3 1 0
internProject/internal/lists/mocks/todo_repo.go:51.2,51.15 1 0
internProject/internal/lists/mocks/todo_repo.go:62.105,64.2 1 0
internProject/internal/lists/mocks/todo_repo.go:66.111,67.40 1 0
internProject/internal/lists/mocks/todo_repo.go:67.40,69.3 1 0
internProject/internal/lists/mocks/todo_repo.go:70.2,70.11 1 0
internProject/internal/lists/mocks/todo_repo.go:73.99,76.2 2 0
internProject/internal/lists/mocks/todo_repo.go:78.130,81.2 2 0
internProject/internal/lists/mocks/todo_repo.go:84.68,87.19 2 0
internProject/internal/lists/mocks/todo_repo.go:87.19,88.52 1 0
internProject/internal/lists/mocks/todo_repo.go:91.2,92.59 2 0
internProject/internal/lists/mocks/todo_repo.go:92.59,94.3 1 0
internProject/internal/lists/mocks/todo_repo.go:94.8,96.3 1 0
internProject/internal/lists/mocks/todo_repo.go:98.2,98.11 1 0
internProject/internal/lists/mocks/todo_repo.go:109.107,111.2 1 0
internProject/internal/lists/mocks/todo_repo.go:113.107,114.40 1 0
internProject/internal/lists/mocks/todo_repo.go:114.40,116.3 1 0
internProject/internal/lists/mocks/todo_repo.go:117.2,117.11 1 0
internProject/internal/lists/mocks/todo_repo.go:120.81,123.2 2 0
internProject/internal/lists/mocks/todo_repo.go:125.108,128.2 2 0
internProject/internal/lists/mocks/todo_repo.go:131.77,134.19 2 0
internProject/internal/lists/mocks/todo_repo.go:134.19,135.58 1 0
internProject/internal/lists/mocks/todo_repo.go:138.2,140.69 3 0
internProject/internal/lists/mocks/todo_repo.go:140.69,142.3 1 0
internProject/internal/lists/mocks/todo_repo.go:143.2,143.60 1 0
internProject/internal/lists/mocks/todo_repo.go:143.60,145.3 1 0
internProject/internal/lists/mocks/todo_repo.go:145.8,146.24 1 0
internProject/internal/lists/mocks/todo_repo.go:146.24,148.4 1 0
internProject/internal/lists/mocks/todo_repo.go:151.2,151.51 1 0
internProject/internal/lists/mocks/todo_repo.go:151.51,153.3 1 0
internProject/internal/lists/mocks/todo_repo.go:153.8,155.3 1 0
internProject/internal/lists/mocks/todo_repo.go:157.2,157.15 1 0
internProject/internal/lists/mocks/todo_repo.go:167.99,169.2 1 0
internProject/internal/lists/mocks/todo_repo.go:171.104,172.40 1 0
internProject/internal/lists/mocks/todo_repo.go:172.40,174.3 1 0
internProject/internal/lists/mocks/todo_repo.go:175.2,175.11 1 0
internProject/internal/lists/mocks/todo_repo.go:178.113,181.2 2 0
internProject/internal/lists/mocks/todo_repo.go:183.130,186.2 2 0
internProject/internal/lists/mocks/todo_repo.go:189.51,192.19 2 0
internProject/internal/lists/mocks/todo_repo.go:192.19,193.50 1 0
internProject/internal/lists/mocks/todo_repo.go:196.2,197.51 2 0
internProject/internal/lists/mocks/todo_repo.go:197.51,199.3 1 0
internProject/internal/lists/mocks/todo_repo.go:199.8,201.3 1 0
internProject/internal/lists/mocks/todo_repo.go:203.2,203.11 1 0
internProject/internal/lists/mocks/todo_repo.go:213.83,215.2 1 0
internProject/internal/lists/mocks/todo_repo.go:217.88,218.40 1 0
internProject/internal/lists/mocks/todo_repo.go:218.40,220.3 1 0
internProject/internal/lists/mocks/todo_repo.go:221.2,221.11 1 0
internProject/internal/lists/mocks/todo_repo.go:224.77,227.2 2 0
internProject/internal/lists/mocks/todo_repo.go:229.96,232.2 2 0
internProject/internal/lists/mocks/todo_repo.go:235.87,238.19 2 0
internProject/internal/lists/mocks/todo_repo.go:238.19,239.52 1 0
internProject/internal/lists/mocks/todo_repo.go:242.2,243.73 2 0
internProject/internal/lists/mocks/todo_repo.go:243.73,245.3 1 0
internProject/internal/lists/mocks/todo_repo.go:245.8,247.3 1 0
internProject/internal/lists/mocks/todo_repo.go:249.2,249.11 1 0
internProject/internal/lists/mocks/todo_repo.go:261.125,263.2 1 0
internProject/internal/lists/mocks/todo_repo.go:265.126,266.40 1 0
internProject/internal/lists/mocks/todo_repo.go:266.40,268.3 1 0
internProject/internal/lists/mocks/todo_repo.go:269.2,269.11 1 0
internProject/internal/lists/mocks/todo_repo.go:272.81,275.2 2 0
internProject/internal/lists/mocks/todo_repo.go:277.122,280.2 2 0
internProject/internal/lists/mocks/todo_repo.go:287.14,291.19 3 0
internProject/internal/lists/mocks/todo_repo.go:291.19,291.49 1 0
internProject/internal/lists/mocks/todo_repo.go:293.2,293.13 1 0
internProject/internal/users/usersDB.go:16.43,18.2 1 0
internProject/internal/users/usersDB.go:20.57,23.63 3 0
internProject/internal/users/usersDB.go:23.63,25.3 1 0
internProject/internal/users/usersDB.go:26.2,26.22 1 0
internProject/internal/users/usersDB.go:29.68,32.65 3 0
internProject/internal/users/usersDB.go:32.65,33.36 1 0
internProject/internal/users/usersDB.go:33.36,35.4 1 0
internProject/internal/users/usersDB.go:36.3,36.18 1 0
internProject/internal/users/usersDB.go:38.2,38.20 1 0
internProject/internal/users/usersDB.go:41.74,44.64 3 0
internProject/internal/users/usersDB.go:44.64,45.36 1 0
internProject/internal/users/usersDB.go:45.36,47.4 1 0
internProject/internal/users/usersDB.go:48.3,48.18 1 0
internProject/internal/users/usersDB.go:50.2,50.20 1 0
internProject/internal/users/usersDB.go:53.71,56.65 3 0
internProject/internal/users/usersDB.go:56.65,57.36 1 0
internProject/internal/users/usersDB.go:57.36,59.4 1 0
internProject/internal/users/usersDB.go:60.3,60.26 1 0
internProject/internal/users/usersDB.go:62.2,62.20 1 0
internProject/internal/users/usersService.go:22.74,24.2 1 0
internProject/internal/users/usersService.go:26.61,28.16 2 0
internProject/internal/users/usersService.go:28.16,30.3 1 0
internProject/internal/users/usersService.go:31.2,32.38 2 0
internProject/internal/users/usersService.go:32.38,35.3 2 0
internProject/internal/users/usersService.go:36.2,36.20 1 0
internProject/internal/users/usersService.go:39.70,41.16 2 0
internProject/internal/users/usersService.go:41.16,43.3 1 0
internProject/internal/users/usersService.go:44.2,45.19 2 0
internProject/internal/users/usersService.go:48.76,50.16 2 0
internProject/internal/users/usersService.go:50.16,52.3 1 0
internProject/internal/users/usersService.go:53.2,54.19 2 0
internProject/internal/todos/status_retrievers/allTodosRetriever.go:13.71,15.2 1 0
internProject/internal/todos/status_retrievers/allTodosRetriever.go:17.83,19.2 1 0
internProject/internal/todos/status_retrievers/todoRetrieverByPriority.go:16.116,18.2 1 0
internProject/internal/todos/status_retrievers/todoRetrieverByPriority.go:20.93,22.2 1 0
internProject/internal/todos/status_retrievers/todoRetrieverByStatus.go:14.108,16.2 1 0
internProject/internal/todos/status_retrievers/todoRetrieverByStatus.go:18.91,20.2 1 0
internProject/internal/todos/status_retrievers/todoRetrieverByStatusAndPriority.go:17.160,19.2 1 0
internProject/internal/todos/status_retrievers/todoRetrieverByStatusAndPriority.go:21.102,23.2 1 0
internProject/internal/todos/status_retrievers/todoRetrieversFactory.go:18.85,20.2 1 0
internProject/internal/todos/status_retrievers/todoRetrieversFactory.go:22.103,23.44 1 0
internProject/internal/todos/status_retrievers/todoRetrieversFactory.go:23.44,25.3 1 0
internProject/internal/todos/status_retrievers/todoRetrieversFactory.go:26.2,26.22 1 0
internProject/internal/todos/status_retrievers/todoRetrieversFactory.go:26.22,28.3 1 0
internProject/internal/todos/status_retrievers/todoRetrieversFactory.go:29.2,29.24 1 0
internProject/internal/todos/status_retrievers/todoRetrieversFactory.go:29.24,31.3 1 0
internProject/internal/todos/status_retrievers/todoRetrieversFactory.go:32.2,32.77 1 0
internProject/pkg/application/server.go:41.75,43.2 1 0
internProject/pkg/application/server.go:45.57,47.2 1 0
internProject/pkg/application/server.go:49.68,55.2 5 0
internProject/pkg/application/server.go:57.63,59.2 1 0
internProject/pkg/application/server.go:61.65,64.2 2 0
internProject/pkg/application/server.go:66.59,68.2 1 0
internProject/pkg/application/server.go:70.61,74.2 3 0
internProject/pkg/application/server.go:76.65,78.2 1 0
internProject/pkg/application/server.go:80.26,116.2 23 0
internProject/internal/todos/mocks/ITimeGenerator.go:20.61,22.2 1 0
internProject/internal/todos/mocks/ITimeGenerator.go:25.43,28.19 2 0
internProject/internal/todos/mocks/ITimeGenerator.go:28.19,29.45 1 0
internProject/internal/todos/mocks/ITimeGenerator.go:32.2,33.49 2 0
internProject/internal/todos/mocks/ITimeGenerator.go:33.49,35.3 1 0
internProject/internal/todos/mocks/ITimeGenerator.go:35.8,37.3 1 0
internProject/internal/todos/mocks/ITimeGenerator.go:39.2,39.11 1 0
internProject/internal/todos/mocks/ITimeGenerator.go:48.67,50.2 1 0
internProject/internal/todos/mocks/ITimeGenerator.go:52.77,53.40 1 0
internProject/internal/todos/mocks/ITimeGenerator.go:53.40,55.3 1 0
internProject/internal/todos/mocks/ITimeGenerator.go:56.2,56.11 1 0
internProject/internal/todos/mocks/ITimeGenerator.go:59.83,62.2 2 0
internProject/internal/todos/mocks/ITimeGenerator.go:64.96,67.2 2 0
internProject/internal/todos/mocks/ITimeGenerator.go:74.20,78.19 3 0
internProject/internal/todos/mocks/ITimeGenerator.go:78.19,78.49 1 0
internProject/internal/todos/mocks/ITimeGenerator.go:80.2,80.13 1 0
internProject/internal/todos/mocks/IUuidGenerator.go:16.61,18.2 1 0
internProject/internal/todos/mocks/IUuidGenerator.go:21.45,24.19 2 0
internProject/internal/todos/mocks/IUuidGenerator.go:24.19,25.50 1 0
internProject/internal/todos/mocks/IUuidGenerator.go:28.2,29.46 2 0
internProject/internal/todos/mocks/IUuidGenerator.go:29.46,31.3 1 0
internProject/internal/todos/mocks/IUuidGenerator.go:31.8,33.3 1 0
internProject/internal/todos/mocks/IUuidGenerator.go:35.2,35.11 1 0
internProject/internal/todos/mocks/IUuidGenerator.go:44.77,46.2 1 0
internProject/internal/todos/mocks/IUuidGenerator.go:48.87,49.40 1 0
internProject/internal/todos/mocks/IUuidGenerator.go:49.40,51.3 1 0
internProject/internal/todos/mocks/IUuidGenerator.go:52.2,52.11 1 0
internProject/internal/todos/mocks/IUuidGenerator.go:55.90,58.2 2 0
internProject/internal/todos/mocks/IUuidGenerator.go:60.103,63.2 2 0
internProject/internal/todos/mocks/IUuidGenerator.go:70.20,74.19 3 0
internProject/internal/todos/mocks/IUuidGenerator.go:74.19,74.49 1 0
internProject/internal/todos/mocks/IUuidGenerator.go:76.2,76.13 1 0
internProject/internal/todos/mocks/Iservice.go:22.49,24.2 1 0
internProject/internal/todos/mocks/Iservice.go:27.137,30.19 2 0
internProject/internal/todos/mocks/Iservice.go:30.19,31.58 1 0
internProject/internal/todos/mocks/Iservice.go:34.2,36.105 3 0
internProject/internal/todos/mocks/Iservice.go:36.105,38.3 1 0
internProject/internal/todos/mocks/Iservice.go:39.2,39.96 1 0
internProject/internal/todos/mocks/Iservice.go:39.96,41.3 1 0
internProject/internal/todos/mocks/Iservice.go:41.8,42.24 1 0
internProject/internal/todos/mocks/Iservice.go:42.24,44.4 1 0
internProject/internal/todos/mocks/Iservice.go:47.2,47.89 1 0
internProject/internal/todos/mocks/Iservice.go:47.89,49.3 1 0
internProject/internal/todos/mocks/Iservice.go:49.8,51.3 1 0
internProject/internal/todos/mocks/Iservice.go:53.2,53.15 1 0
internProject/internal/todos/mocks/Iservice.go:66.162,68.2 1 0
internProject/internal/todos/mocks/Iservice.go:70.166,71.40 1 0
internProject/internal/todos/mocks/Iservice.go:71.40,73.3 1 0
internProject/internal/todos/mocks/Iservice.go:74.2,74.11 1 0
internProject/internal/todos/mocks/Iservice.go:77.111,80.2 2 0
internProject/internal/todos/mocks/Iservice.go:82.166,85.2 2 0
internProject/internal/todos/mocks/Iservice.go:88.74,91.19 2 0
internProject/internal/todos/mocks/Iservice.go:91.19,92.58 1 0
internProject/internal/todos/mocks/Iservice.go:95.2,96.59 2 0
internProject/internal/todos/mocks/Iservice.go:96.59,98.3 1 0
internProject/internal/todos/mocks/Iservice.go:98.8,100.3 1 0
internProject/internal/todos/mocks/Iservice.go:102.2,102.11 1 0
internProject/internal/todos/mocks/Iservice.go:113.119,115.2 1 0
internProject/internal/todos/mocks/Iservice.go:117.119,118.40 1 0
internProject/internal/todos/mocks/Iservice.go:118.40,120.3 1 0
internProject/internal/todos/mocks/Iservice.go:121.2,121.11 1 0
internProject/internal/todos/mocks/Iservice.go:124.93,127.2 2 0
internProject/internal/todos/mocks/Iservice.go:129.120,132.2 2 0
internProject/internal/todos/mocks/Iservice.go:135.87,138.19 2 0
internProject/internal/todos/mocks/Iservice.go:138.19,139.55 1 0
internProject/internal/todos/mocks/Iservice.go:142.2,144.75 3 0
internProject/internal/todos/mocks/Iservice.go:144.75,146.3 1 0
internProject/internal/todos/mocks/Iservice.go:147.2,147.66 1 0
internProject/internal/todos/mocks/Iservice.go:147.66,149.3 1 0
internProject/internal/todos/mocks/Iservice.go:149.8,150.24 1 0
internProject/internal/todos/mocks/Iservice.go:150.24,152.4 1 0
internProject/internal/todos/mocks/Iservice.go:155.2,155.59 1 0
internProject/internal/todos/mocks/Iservice.go:155.59,157.3 1 0
internProject/internal/todos/mocks/Iservice.go:157.8,159.3 1 0
internProject/internal/todos/mocks/Iservice.go:161.2,161.15 1 0
internProject/internal/todos/mocks/Iservice.go:172.113,174.2 1 0
internProject/internal/todos/mocks/Iservice.go:176.113,177.40 1 0
internProject/internal/todos/mocks/Iservice.go:177.40,179.3 1 0
internProject/internal/todos/mocks/Iservice.go:180.2,180.11 1 0
internProject/internal/todos/mocks/Iservice.go:183.105,186.2 2 0
internProject/internal/todos/mocks/Iservice.go:188.130,191.2 2 0
internProject/internal/todos/mocks/Iservice.go:194.75,197.19 2 0
internProject/internal/todos/mocks/Iservice.go:197.19,198.56 1 0
internProject/internal/todos/mocks/Iservice.go:201.2,203.69 3 0
internProject/internal/todos/mocks/Iservice.go:203.69,205.3 1 0
internProject/internal/todos/mocks/Iservice.go:206.2,206.60 1 0
internProject/internal/todos/mocks/Iservice.go:206.60,208.3 1 0
internProject/internal/todos/mocks/Iservice.go:208.8,209.24 1 0
internProject/internal/todos/mocks/Iservice.go:209.24,211.4 1 0
internProject/internal/todos/mocks/Iservice.go:214.2,214.51 1 0
internProject/internal/todos/mocks/Iservice.go:214.51,216.3 1 0
internProject/internal/todos/mocks/Iservice.go:216.8,218.3 1 0
internProject/internal/todos/mocks/Iservice.go:220.2,220.15 1 0
internProject/internal/todos/mocks/Iservice.go:230.95,232.2 1 0
internProject/internal/todos/mocks/Iservice.go:234.100,235.40 1 0
internProject/internal/todos/mocks/Iservice.go:235.40,237.3 1 0
internProject/internal/todos/mocks/Iservice.go:238.2,238.11 1 0
internProject/internal/todos/mocks/Iservice.go:241.109,244.2 2 0
internProject/internal/todos/mocks/Iservice.go:246.126,249.2 2 0
internProject/internal/todos/mocks/Iservice.go:252.103,255.19 2 0
internProject/internal/todos/mocks/Iservice.go:255.19,256.58 1 0
internProject/internal/todos/mocks/Iservice.go:259.2,260.81 2 0
internProject/internal/todos/mocks/Iservice.go:260.81,262.3 1 0
internProject/internal/todos/mocks/Iservice.go:262.8,264.3 1 0
internProject/internal/todos/mocks/Iservice.go:266.2,266.11 1 0
internProject/internal/todos/mocks/Iservice.go:278.139,280.2 1 0
internProject/internal/todos/mocks/Iservice.go:282.148,283.40 1 0
internProject/internal/todos/mocks/Iservice.go:283.40,285.3 1 0
internProject/internal/todos/mocks/Iservice.go:286.2,286.11 1 0
internProject/internal/todos/mocks/Iservice.go:289.93,292.2 2 0
internProject/internal/todos/mocks/Iservice.go:294.142,297.2 2 0
internProject/internal/todos/mocks/Iservice.go:304.14,308.19 3 0
internProject/internal/todos/mocks/Iservice.go:308.19,308.49 1 0
internProject/internal/todos/mocks/Iservice.go:310.2,310.13 1 0
internProject/internal/todos/mocks/todo_repo.go:20.49,22.2 1 0
internProject/internal/todos/mocks/todo_repo.go:25.88,28.19 2 0
internProject/internal/todos/mocks/todo_repo.go:28.19,29.52 1 0
internProject/internal/todos/mocks/todo_repo.go:32.2,34.81 3 0
internProject/internal/todos/mocks/todo_repo.go:34.81,36.3 1 0
internProject/internal/todos/mocks/todo_repo.go:37.2,37.72 1 0
internProject/internal/todos/mocks/todo_repo.go:37.72,39.3 1 0
internProject/internal/todos/mocks/todo_repo.go:39.8,40.24 1 0
internProject/internal/todos/mocks/todo_repo.go:40.24,42.4 1 0
internProject/internal/todos/mocks/todo_repo.go:45.2,45.65 1 0
internProject/internal/todos/mocks/todo_repo.go:45.65,47.3 1 0
internProject/internal/todos/mocks/todo_repo.go:47.8,49.3 1 0
internProject/internal/todos/mocks/todo_repo.go:51.2,51.15 1 0
internProject/internal/todos/mocks/todo_repo.go:62.105,64.2 1 0
internProject/internal/todos/mocks/todo_repo.go:66.111,67.40 1 0
internProject/internal/todos/mocks/todo_repo.go:67.40,69.3 1 0
internProject/internal/todos/mocks/todo_repo.go:70.2,70.11 1 0
internProject/internal/todos/mocks/todo_repo.go:73.99,76.2 2 0
internProject/internal/todos/mocks/todo_repo.go:78.130,81.2 2 0
internProject/internal/todos/mocks/todo_repo.go:84.68,87.19 2 0
internProject/internal/todos/mocks/todo_repo.go:87.19,88.52 1 0
internProject/internal/todos/mocks/todo_repo.go:91.2,92.59 2 0
internProject/internal/todos/mocks/todo_repo.go:92.59,94.3 1 0
internProject/internal/todos/mocks/todo_repo.go:94.8,96.3 1 0
internProject/internal/todos/mocks/todo_repo.go:98.2,98.11 1 0
internProject/internal/todos/mocks/todo_repo.go:109.107,111.2 1 0
internProject/internal/todos/mocks/todo_repo.go:113.107,114.40 1 0
internProject/internal/todos/mocks/todo_repo.go:114.40,116.3 1 0
internProject/internal/todos/mocks/todo_repo.go:117.2,117.11 1 0
internProject/internal/todos/mocks/todo_repo.go:120.81,123.2 2 0
internProject/internal/todos/mocks/todo_repo.go:125.108,128.2 2 0
internProject/internal/todos/mocks/todo_repo.go:131.81,134.19 2 0
internProject/internal/todos/mocks/todo_repo.go:134.19,135.49 1 0
internProject/internal/todos/mocks/todo_repo.go:138.2,140.75 3 0
internProject/internal/todos/mocks/todo_repo.go:140.75,142.3 1 0
internProject/internal/todos/mocks/todo_repo.go:143.2,143.66 1 0
internProject/internal/todos/mocks/todo_repo.go:143.66,145.3 1 0
internProject/internal/todos/mocks/todo_repo.go:145.8,146.24 1 0
internProject/internal/todos/mocks/todo_repo.go:146.24,148.4 1 0
internProject/internal/todos/mocks/todo_repo.go:151.2,151.59 1 0
internProject/internal/todos/mocks/todo_repo.go:151.59,153.3 1 0
internProject/internal/todos/mocks/todo_repo.go:153.8,155.3 1 0
internProject/internal/todos/mocks/todo_repo.go:157.2,157.15 1 0
internProject/internal/todos/mocks/todo_repo.go:168.101,170.2 1 0
internProject/internal/todos/mocks/todo_repo.go:172.101,173.40 1 0
internProject/internal/todos/mocks/todo_repo.go:173.40,175.3 1 0
internProject/internal/todos/mocks/todo_repo.go:176.2,176.11 1 0
internProject/internal/todos/mocks/todo_repo.go:179.93,182.2 2 0
internProject/internal/todos/mocks/todo_repo.go:184.118,187.2 2 0
internProject/internal/todos/mocks/todo_repo.go:190.77,193.19 2 0
internProject/internal/todos/mocks/todo_repo.go:193.19,194.58 1 0
internProject/internal/todos/mocks/todo_repo.go:197.2,199.69 3 0
internProject/internal/todos/mocks/todo_repo.go:199.69,201.3 1 0
internProject/internal/todos/mocks/todo_repo.go:202.2,202.60 1 0
internProject/internal/todos/mocks/todo_repo.go:202.60,204.3 1 0
internProject/internal/todos/mocks/todo_repo.go:204.8,205.24 1 0
internProject/internal/todos/mocks/todo_repo.go:205.24,207.4 1 0
internProject/internal/todos/mocks/todo_repo.go:210.2,210.51 1 0
internProject/internal/todos/mocks/todo_repo.go:210.51,212.3 1 0
internProject/internal/todos/mocks/todo_repo.go:212.8,214.3 1 0
internProject/internal/todos/mocks/todo_repo.go:216.2,216.15 1 0
internProject/internal/todos/mocks/todo_repo.go:226.99,228.2 1 0
internProject/internal/todos/mocks/todo_repo.go:230.104,231.40 1 0
internProject/internal/todos/mocks/todo_repo.go:231.40,233.3 1 0
internProject/internal/todos/mocks/todo_repo.go:234.2,234.11 1 0
internProject/internal/todos/mocks/todo_repo.go:237.113,240.2 2 0
internProject/internal/todos/mocks/todo_repo.go:242.130,245.2 2 0
internProject/internal/todos/mocks/todo_repo.go:248.87,251.19 2 0
internProject/internal/todos/mocks/todo_repo.go:251.19,252.52 1 0
internProject/internal/todos/mocks/todo_repo.go:255.2,256.73 2 0
internProject/internal/todos/mocks/todo_repo.go:256.73,258.3 1 0
internProject/internal/todos/mocks/todo_repo.go:258.8,260.3 1 0
internProject/internal/todos/mocks/todo_repo.go:262.2,262.11 1 0
internProject/internal/todos/mocks/todo_repo.go:274.125,276.2 1 0
internProject/internal/todos/mocks/todo_repo.go:278.126,279.40 1 0
internProject/internal/todos/mocks/todo_repo.go:279.40,281.3 1 0
internProject/internal/todos/mocks/todo_repo.go:282.2,282.11 1 0
internProject/internal/todos/mocks/todo_repo.go:285.81,288.2 2 0
internProject/internal/todos/mocks/todo_repo.go:290.122,293.2 2 0
internProject/internal/todos/mocks/todo_repo.go:300.14,304.19 3 0
internProject/internal/todos/mocks/todo_repo.go:304.19,304.49 1 0
internProject/internal/todos/mocks/todo_repo.go:306.2,306.13 1 0
internProject/internal/utils/helpers.go:17.79,19.89 2 0
internProject/internal/utils/helpers.go:19.89,22.3 2 0
internProject/internal/utils/helpers.go:25.68,27.27 2 0
internProject/internal/utils/helpers.go:27.27,30.3 2 0
internProject/internal/utils/helpers.go:31.2,31.19 1 0
internProject/internal/utils/helpers.go:34.69,36.24 2 0
internProject/internal/utils/helpers.go:36.24,39.3 2 0
internProject/internal/utils/helpers.go:40.2,40.16 1 0
internProject/internal/utils/helpers.go:43.72,45.26 2 0
internProject/internal/utils/helpers.go:45.26,51.3 2 0
internProject/internal/utils/helpers.go:52.2,52.19 1 0
internProject/internal/utils/helpers.go:55.65,57.14 2 0
internProject/internal/utils/helpers.go:57.14,63.3 2 0
internProject/internal/utils/helpers.go:64.2,64.16 1 0
internProject/internal/utils/helpers.go:67.62,70.2 2 0
internProject/internal/utils/helpers.go:72.30,75.16 3 0
internProject/internal/utils/helpers.go:75.16,76.13 1 0
internProject/internal/utils/helpers.go:78.2,89.16 9 0
internProject/internal/utils/helpers.go:89.16,90.13 1 0
internProject/internal/utils/helpers.go:92.2,92.11 1 0
internProject/internal/utils/helpers.go:95.78,97.28 2 0
internProject/internal/utils/helpers.go:97.28,98.21 1 0
internProject/internal/utils/helpers.go:99.16,100.76 1 0
internProject/internal/utils/helpers.go:101.16,102.70 1 0
internProject/internal/utils/helpers.go:105.2,105.12 1 0
internProject/internal/utils/helpers.go:108.65,110.29 2 0
internProject/internal/utils/helpers.go:110.29,112.3 1 0
internProject/internal/utils/helpers.go:114.2,114.20 1 0
internProject/internal/utils/helpers.go:115.15,116.63 1 0
internProject/internal/utils/helpers.go:117.15,118.27 1 0
internProject/internal/utils/helpers.go:119.29,120.64 1 0
internProject/internal/utils/helpers.go:121.33,122.29 1 0
internProject/internal/utils/helpers.go:122.29,124.5 1 0
internProject/internal/utils/helpers.go:127.2,127.12 1 0
internProject/internal/lists/listDB.go:16.43,18.2 1 21
internProject/internal/lists/listDB.go:20.68,24.66 3 4
internProject/internal/lists/listDB.go:24.66,25.36 1 2
internProject/internal/lists/listDB.go:25.36,27.4 1 1
internProject/internal/lists/listDB.go:28.3,28.18 1 1
internProject/internal/lists/listDB.go:30.2,30.21 1 2
internProject/internal/lists/listDB.go:33.53,37.16 3 2
internProject/internal/lists/listDB.go:37.16,39.3 1 1
internProject/internal/lists/listDB.go:40.2,40.12 1 1
internProject/internal/lists/listDB.go:43.79,48.16 3 3
internProject/internal/lists/listDB.go:48.16,50.3 1 2
internProject/internal/lists/listDB.go:51.2,51.38 1 1
internProject/internal/lists/listDB.go:54.57,59.63 3 2
internProject/internal/lists/listDB.go:59.63,61.3 1 1
internProject/internal/lists/listDB.go:62.2,62.22 1 1
internProject/internal/lists/listDB.go:65.70,70.16 3 3
internProject/internal/lists/listDB.go:70.16,72.3 1 1
internProject/internal/lists/listDB.go:73.2,74.16 2 2
internProject/internal/lists/listDB.go:74.16,76.3 1 0
internProject/internal/lists/listDB.go:77.2,77.23 1 2
internProject/internal/lists/listDB.go:77.23,79.3 1 1
internProject/internal/lists/listDB.go:80.2,80.12 1 1
internProject/internal/lists/listDB.go:83.78,86.16 3 3
internProject/internal/lists/listDB.go:86.16,88.3 1 1
internProject/internal/lists/listDB.go:89.2,90.16 2 2
internProject/internal/lists/listDB.go:90.16,92.3 1 0
internProject/internal/lists/listDB.go:93.2,93.23 1 2
internProject/internal/lists/listDB.go:93.23,95.3 1 1
internProject/internal/lists/listDB.go:96.2,96.12 1 1
internProject/internal/lists/listDB.go:99.82,105.76 3 2
internProject/internal/lists/listDB.go:105.76,107.3 1 1
internProject/internal/lists/listDB.go:109.2,109.27 1 1
internProject/internal/lists/listDB.go:112.73,117.70 3 3
internProject/internal/lists/listDB.go:117.70,118.36 1 2
internProject/internal/lists/listDB.go:118.36,120.4 1 1
internProject/internal/lists/listDB.go:121.3,121.18 1 1
internProject/internal/lists/listDB.go:123.2,123.25 1 1
internProject/internal/lists/listHandler.go:30.44,32.2 1 0
internProject/internal/lists/listHandler.go:34.74,36.16 2 0
internProject/internal/lists/listHandler.go:36.16,39.3 2 0
internProject/internal/lists/listHandler.go:40.2,41.56 2 0
internProject/internal/lists/listHandler.go:41.56,44.3 2 0
internProject/internal/lists/listHandler.go:47.82,49.9 2 0
internProject/internal/lists/listHandler.go:49.9,52.3 2 0
internProject/internal/lists/listHandler.go:53.2,54.16 2 0
internProject/internal/lists/listHandler.go:54.16,57.3 2 0
internProject/internal/lists/listHandler.go:58.2,59.64 2 0
internProject/internal/lists/listHandler.go:59.64,62.3 2 0
internProject/internal/lists/listHandler.go:65.76,67.9 2 0
internProject/internal/lists/listHandler.go:67.9,70.3 2 0
internProject/internal/lists/listHandler.go:71.2,71.59 1 0
internProject/internal/lists/listHandler.go:71.59,74.3 2 0
internProject/internal/lists/listHandler.go:75.2,75.37 1 0
internProject/internal/lists/listHandler.go:78.76,80.62 2 0
internProject/internal/lists/listHandler.go:80.62,83.3 2 0
internProject/internal/lists/listHandler.go:84.2,85.9 2 0
internProject/internal/lists/listHandler.go:85.9,88.3 2 0
internProject/internal/lists/listHandler.go:90.2,91.16 2 0
internProject/internal/lists/listHandler.go:91.16,94.3 2 0
internProject/internal/lists/listHandler.go:95.2,96.52 2 0
internProject/internal/lists/listHandler.go:96.52,99.3 2 0
internProject/internal/lists/listHandler.go:102.80,104.9 2 0
internProject/internal/lists/listHandler.go:104.9,107.3 2 0
internProject/internal/lists/listHandler.go:108.2,109.62 2 0
internProject/internal/lists/listHandler.go:109.62,112.3 2 0
internProject/internal/lists/listHandler.go:113.2,113.68 1 0
internProject/internal/lists/listHandler.go:113.68,116.3 2 0
internProject/internal/lists/listHandler.go:117.2,117.30 1 0
internProject/internal/lists/listHandler.go:120.81,123.62 3 0
internProject/internal/lists/listHandler.go:123.62,126.3 2 0
internProject/internal/lists/listHandler.go:128.2,129.70 2 0
internProject/internal/lists/listHandler.go:129.70,132.3 2 0
internProject/internal/lists/listHandler.go:135.79,137.9 2 0
internProject/internal/lists/listHandler.go:137.9,140.3 2 0
internProject/internal/lists/listHandler.go:141.2,142.16 2 0
internProject/internal/lists/listHandler.go:142.16,145.3 2 0
internProject/internal/lists/listHandler.go:146.2,147.55 2 0
internProject/internal/lists/listHandler.go:147.55,150.3 2 0
internProject/internal/lists/listHandler.go:153.78,155.9 2 0
internProject/internal/lists/listHandler.go:155.9,158.3 2 0
internProject/internal/lists/listHandler.go:159.2,160.16 2 0
internProject/internal/lists/listHandler.go:160.16,163.3 2 0
internProject/internal/lists/listHandler.go:164.2,165.60 2 0
internProject/internal/lists/listHandler.go:165.60,168.3 2 0
internProject/internal/lists/listService.go:55.71,58.2 1 0
internProject/internal/lists/listService.go:60.61,62.16 2 0
internProject/internal/lists/listService.go:62.16,64.3 1 0
internProject/internal/lists/listService.go:66.2,67.42 2 0
internProject/internal/lists/listService.go:67.42,70.3 2 0
internProject/internal/lists/listService.go:72.2,72.23 1 0
internProject/internal/lists/listService.go:75.57,76.51 1 0
internProject/internal/lists/listService.go:76.51,78.3 1 0
internProject/internal/lists/listService.go:80.2,80.12 1 0
internProject/internal/lists/listService.go:83.85,94.16 4 0
internProject/internal/lists/listService.go:94.16,96.3 1 0
internProject/internal/lists/listService.go:98.2,100.23 2 0
internProject/internal/lists/listService.go:103.68,104.61 1 0
internProject/internal/lists/listService.go:104.61,106.3 1 0
internProject/internal/lists/listService.go:108.2,108.12 1 0
internProject/internal/lists/listService.go:111.74,113.16 2 0
internProject/internal/lists/listService.go:113.16,115.3 1 0
internProject/internal/lists/listService.go:117.2,117.77 1 0
internProject/internal/lists/listService.go:117.77,119.3 1 0
internProject/internal/lists/listService.go:121.2,121.12 1 0
internProject/internal/lists/listService.go:124.75,125.51 1 0
internProject/internal/lists/listService.go:125.51,127.3 1 0
internProject/internal/lists/listService.go:129.2,130.16 2 0
internProject/internal/lists/listService.go:130.16,132.3 1 0
internProject/internal/lists/listService.go:134.2,135.51 2 0
internProject/internal/lists/listService.go:135.51,138.3 2 0
internProject/internal/lists/listService.go:140.2,140.19 1 0
internProject/internal/lists/listService.go:143.70,145.16 2 0
internProject/internal/lists/listService.go:145.16,147.3 1 0
internProject/internal/lists/listService.go:149.2,151.23 2 0
internProject/internal/lists/listService.go:154.75,156.16 2 0
internProject/internal/lists/listService.go:156.16,158.3 1 0
internProject/internal/lists/listService.go:160.2,162.24 2 0
internProject/internal/todos/todoDB.go:16.43,18.2 1 24
internProject/internal/todos/todoDB.go:20.78,26.75 3 2
internProject/internal/todos/todoDB.go:26.75,28.3 1 1
internProject/internal/todos/todoDB.go:29.2,29.26 1 1
internProject/internal/todos/todoDB.go:32.83,38.73 3 5
internProject/internal/todos/todoDB.go:38.73,39.36 1 3
internProject/internal/todos/todoDB.go:39.36,41.4 1 2
internProject/internal/todos/todoDB.go:42.3,42.18 1 1
internProject/internal/todos/todoDB.go:44.2,44.20 1 2
internProject/internal/todos/todoDB.go:47.93,51.84 3 2
internProject/internal/todos/todoDB.go:51.84,53.3 1 1
internProject/internal/todos/todoDB.go:54.2,54.27 1 1
internProject/internal/todos/todoDB.go:57.97,62.86 3 2
internProject/internal/todos/todoDB.go:62.86,64.3 1 1
internProject/internal/todos/todoDB.go:65.2,65.27 1 1
internProject/internal/todos/todoDB.go:68.121,73.94 3 2
internProject/internal/todos/todoDB.go:73.94,75.3 1 1
internProject/internal/todos/todoDB.go:76.2,76.27 1 1
internProject/internal/todos/todoDB.go:79.68,83.16 3 2
internProject/internal/todos/todoDB.go:83.16,85.3 1 1
internProject/internal/todos/todoDB.go:86.2,86.12 1 1
internProject/internal/todos/todoDB.go:89.79,95.16 3 5
internProject/internal/todos/todoDB.go:95.16,97.3 1 4
internProject/internal/todos/todoDB.go:98.2,98.62 1 1
internProject/internal/todos/todoDB.go:101.61,108.16 3 2
internProject/internal/todos/todoDB.go:108.16,110.3 1 0
internProject/internal/todos/todoDB.go:111.2,112.16 2 2
internProject/internal/todos/todoDB.go:112.16,114.3 1 0
internProject/internal/todos/todoDB.go:115.2,115.23 1 2
internProject/internal/todos/todoDB.go:115.23,117.3 1 1
internProject/internal/todos/todoDB.go:118.2,118.12 1 1
internProject/internal/todos/todoDB.go:121.78,126.63 3 3
internProject/internal/todos/todoDB.go:126.63,127.36 1 2
internProject/internal/todos/todoDB.go:127.36,129.4 1 1
internProject/internal/todos/todoDB.go:130.3,130.18 1 1
internProject/internal/todos/todoDB.go:133.2,133.18 1 1
internProject/internal/todos/todoHandler.go:36.52,38.2 1 0
internProject/internal/todos/todoHandler.go:40.78,42.9 2 0
internProject/internal/todos/todoHandler.go:42.9,45.3 2 0
internProject/internal/todos/todoHandler.go:47.2,48.62 2 0
internProject/internal/todos/todoHandler.go:48.62,51.3 2 0
internProject/internal/todos/todoHandler.go:52.2,54.16 2 0
internProject/internal/todos/todoHandler.go:54.16,57.3 2 0
internProject/internal/todos/todoHandler.go:58.2,59.53 2 0
internProject/internal/todos/todoHandler.go:59.53,62.3 2 0
internProject/internal/todos/todoHandler.go:65.74,67.9 2 0
internProject/internal/todos/todoHandler.go:67.9,70.3 2 0
internProject/internal/todos/todoHandler.go:72.2,77.16 5 0
internProject/internal/todos/todoHandler.go:77.16,80.3 2 0
internProject/internal/todos/todoHandler.go:81.2,82.56 2 0
internProject/internal/todos/todoHandler.go:82.56,85.3 2 0
internProject/internal/todos/todoHandler.go:88.76,90.9 2 0
internProject/internal/todos/todoHandler.go:90.9,93.3 2 0
internProject/internal/todos/todoHandler.go:94.2,95.9 2 0
internProject/internal/todos/todoHandler.go:95.9,98.3 2 0
internProject/internal/todos/todoHandler.go:100.2,100.67 1 0
internProject/internal/todos/todoHandler.go:100.67,103.3 2 0
internProject/internal/todos/todoHandler.go:104.2,104.37 1 0
internProject/internal/todos/todoHandler.go:107.82,109.9 2 0
internProject/internal/todos/todoHandler.go:109.9,112.3 2 0
internProject/internal/todos/todoHandler.go:113.2,114.9 2 0
internProject/internal/todos/todoHandler.go:114.9,117.3 2 0
internProject/internal/todos/todoHandler.go:119.2,127.62 2 0
internProject/internal/todos/todoHandler.go:127.62,130.3 2 0
internProject/internal/todos/todoHandler.go:131.2,132.46 1 0
internProject/internal/todos/todoHandler.go:132.46,135.3 2 0
internProject/internal/todos/todoHandler.go:136.2,136.30 1 0
internProject/internal/todos/todoHandler.go:139.73,141.9 2 0
internProject/internal/todos/todoHandler.go:141.9,144.3 2 0
internProject/internal/todos/todoHandler.go:145.2,146.9 2 0
internProject/internal/todos/todoHandler.go:146.9,149.3 2 0
internProject/internal/todos/todoHandler.go:151.2,152.16 2 0
internProject/internal/todos/todoHandler.go:152.16,155.3 2 0
internProject/internal/todos/todoHandler.go:156.2,156.55 1 0
internProject/internal/todos/todoHandler.go:156.55,159.3 2 0
internProject/internal/todos/todoHandler.go:160.2,160.30 1 0
internProject/internal/todos/todoHandler.go:163.81,165.9 2 0
internProject/internal/todos/todoHandler.go:165.9,168.3 2 0
internProject/internal/todos/todoHandler.go:170.2,171.16 2 0
internProject/internal/todos/todoHandler.go:171.16,174.3 2 0
internProject/internal/todos/todoHandler.go:175.2,176.59 2 0
internProject/internal/todos/todoHandler.go:176.59,179.3 2 0
internProject/internal/todos/todoService.go:51.71,54.2 1 0
internProject/internal/todos/todoService.go:57.122,71.16 3 0
internProject/internal/todos/todoService.go:71.16,73.3 1 0
internProject/internal/todos/todoService.go:75.2,76.16 2 0
internProject/internal/todos/todoService.go:76.16,78.3 1 0
internProject/internal/todos/todoService.go:80.2,81.16 2 0
internProject/internal/todos/todoService.go:81.16,83.3 1 0
internProject/internal/todos/todoService.go:84.2,84.19 1 0
internProject/internal/todos/todoService.go:87.73,89.16 2 0
internProject/internal/todos/todoService.go:89.16,91.3 1 0
internProject/internal/todos/todoService.go:92.2,93.16 2 0
internProject/internal/todos/todoService.go:93.16,95.3 1 0
internProject/internal/todos/todoService.go:96.2,96.17 1 0
internProject/internal/todos/todoService.go:99.72,101.2 1 0
internProject/internal/todos/todoService.go:104.48,107.16 2 0
internProject/internal/todos/todoService.go:107.16,109.3 1 0
internProject/internal/todos/todoService.go:111.2,112.16 2 0
internProject/internal/todos/todoService.go:112.16,114.3 1 0
internProject/internal/todos/todoService.go:116.2,119.24 3 0
internProject/internal/todos/todoService.go:119.24,121.3 1 0
internProject/internal/todos/todoService.go:123.2,123.19 1 0
internProject/internal/todos/todoService.go:123.19,125.3 1 0
internProject/internal/todos/todoService.go:126.2,126.21 1 0
internProject/internal/todos/todoService.go:126.21,128.3 1 0
internProject/internal/todos/todoService.go:130.2,132.16 3 0
internProject/internal/todos/todoService.go:132.16,134.3 1 0
internProject/internal/todos/todoService.go:135.2,135.44 1 0
internProject/internal/todos/todoService.go:138.85,140.16 2 0
internProject/internal/todos/todoService.go:140.16,142.3 1 0
internProject/internal/todos/todoService.go:144.2,145.16 2 0
internProject/internal/todos/todoService.go:145.16,147.3 1 0
internProject/internal/todos/todoService.go:148.2,148.19 1 0
internProject/internal/todos/todoService.go:151.80,153.16 2 0
internProject/internal/todos/todoService.go:153.16,155.3 1 0
internProject/internal/todos/todoService.go:156.2,157.27 2 0
internProject/internal/todos/todoService.go:160.97,162.16 2 0
internProject/internal/todos/todoService.go:162.16,164.3 1 0
internProject/internal/todos/todoService.go:165.2,166.16 2 0
internProject/internal/todos/todoService.go:166.16,168.3 1 0
internProject/internal/todos/todoService.go:169.2,169.24 1 0
internProject/internal/todos/todoService.go:172.101,174.16 2 0
internProject/internal/todos/todoService.go:174.16,176.3 1 0
internProject/internal/todos/todoService.go:177.2,178.16 2 0
internProject/internal/todos/todoService.go:178.16,180.3 1 0
internProject/internal/todos/todoService.go:181.2,181.25 1 0
internProject/internal/todos/todoService.go:184.118,186.16 2 0
internProject/internal/todos/todoService.go:186.16,188.3 1 0
internProject/internal/todos/todoService.go:189.2,190.16 2 0
internProject/internal/todos/todoService.go:190.16,192.3 1 0
internProject/internal/todos/todoService.go:193.2,193.25 1 0
internProject/internal/todos/todoService.go:196.105,198.36 2 0
internProject/internal/todos/todoService.go:198.36,200.17 2 0
internProject/internal/todos/todoService.go:200.17,202.4 1 0
internProject/internal/todos/todoService.go:203.3,203.29 1 0
internProject/internal/todos/todoService.go:205.2,205.25 1 0